"D:/UnrealEngine/PurdueRPGTemplate/Content/Textures/t_stubEnemy.uasset" 0
"D:/UnrealEngine/PurdueRPGTemplate/Content/Textures/t_stubEnemy_Mat.uasset" 1
"../../../Engine/Content/EngineMaterials/T_Default_Material_Grid_N.uasset" 2
"../../../Engine/Content/EngineMaterials/T_Default_Material_Grid_M.uasset" 3
"../../../Engine/Content/Functions/Engine_MaterialFunctions01/Opacity/CameraDepthFade.uasset" 4
"../../../Engine/Content/EngineMaterials/WorldGridMaterial.uasset" 5
"../../../Engine/Content/BasicShapes/Cube.uasset" 6
"D:/UnrealEngine/PurdueRPGTemplate/Content/BP/Characters/Enemy_Base.uasset" 7
"D:/UnrealEngine/PurdueRPGTemplate/Content/BP/Data/EnemyStats_STRUCT.uasset" 8
"D:/UnrealEngine/PurdueRPGTemplate/Content/BP/Data/EnemyStats.uasset" 9
"D:/UnrealEngine/PurdueRPGTemplate/Content/BP/Characters/Enemy_Dodger.uasset" 10
"D:/UnrealEngine/PurdueRPGTemplate/Content/BP/Game/PlayerController_Mouse.uasset" 11
"D:/UnrealEngine/PurdueRPGTemplate/Content/UI/GameUI.uasset" 12
"D:/UnrealEngine/PurdueRPGTemplate/Content/BP/Save/PRPG_Save.uasset" 13
"D:/UnrealEngine/PurdueRPGTemplate/Content/BP/Data/PlayerStats.uasset" 14
"D:/UnrealEngine/PurdueRPGTemplate/Content/BP/Data/PlayerLeveling.uasset" 15
"../../../Engine/Content/EditorBlueprintResources/StandardMacros.uasset" 16
"D:/UnrealEngine/PurdueRPGTemplate/Content/Geometry/Meshes/CubeMaterial.uasset" 17
"D:/UnrealEngine/PurdueRPGTemplate/Content/Geometry/Meshes/1M_Cube.uasset" 18
"D:/UnrealEngine/PurdueRPGTemplate/Content/BP/Enums/enumPlayerChoice.uasset" 19
"D:/UnrealEngine/PurdueRPGTemplate/Content/BP/Enums/enumEnemyChoice.uasset" 20
"D:/UnrealEngine/PurdueRPGTemplate/Content/Textures/soldier.uasset" 21
"D:/UnrealEngine/PurdueRPGTemplate/Content/UI/MissionUI.uasset" 22
"D:/UnrealEngine/PurdueRPGTemplate/Content/BP/Tools/GameManager.uasset" 23
"D:/UnrealEngine/PurdueRPGTemplate/Content/BP/Tools/EncounterTool.uasset" 24
"D:/UnrealEngine/PurdueRPGTemplate/Content/UI/CombatUI.uasset" 25
"D:/UnrealEngine/PurdueRPGTemplate/Content/UI/ConversationUI.uasset" 26
"D:/UnrealEngine/PurdueRPGTemplate/Content/BP/Enums/ConversationResult.uasset" 27
"D:/UnrealEngine/PurdueRPGTemplate/Content/BP/Data/Dialog.uasset" 28
"D:/UnrealEngine/PurdueRPGTemplate/Content/BP/Data/DialogExcelFile.uasset" 29
"D:/UnrealEngine/PurdueRPGTemplate/Content/BP/Tools/DialogTool.uasset" 30
"D:/UnrealEngine/PurdueRPGTemplate/Content/StarterContent/Textures/T_MacroVariation.uasset" 31
"D:/UnrealEngine/PurdueRPGTemplate/Content/StarterContent/Materials/M_Metal_Chrome_WP.uasset" 32
"D:/UnrealEngine/PurdueRPGTemplate/Content/StarterContent/Materials/M_Metal_Chrome.uasset" 33
"D:/UnrealEngine/PurdueRPGTemplate/Content/Mesh/DIAMOND.uasset" 34
"D:/UnrealEngine/PurdueRPGTemplate/Content/BP/Objects/WayPoint.uasset" 35
"D:/UnrealEngine/PurdueRPGTemplate/Content/BP/Tools/MissionTool.uasset" 36
"D:/UnrealEngine/PurdueRPGTemplate/Content/BP/Objects/Interact_Base.uasset" 37
"D:/UnrealEngine/PurdueRPGTemplate/Content/Mannequin/Character/Mesh/UE4_Mannequin_Skeleton.uasset" 38
"D:/UnrealEngine/PurdueRPGTemplate/Content/Mannequin/Animations/ThirdPersonWalk.uasset" 39
"D:/UnrealEngine/PurdueRPGTemplate/Content/Mannequin/Animations/ThirdPersonRun.uasset" 40
"D:/UnrealEngine/PurdueRPGTemplate/Content/Mannequin/Animations/ThirdPersonIdle.uasset" 41
"D:/UnrealEngine/PurdueRPGTemplate/Content/Mannequin/Animations/ThirdPerson_IdleRun_2D.uasset" 42
"D:/UnrealEngine/PurdueRPGTemplate/Content/Mannequin/Animations/ThirdPersonJump_Start.uasset" 43
"D:/UnrealEngine/PurdueRPGTemplate/Content/Mannequin/Animations/ThirdPersonJump_Loop.uasset" 44
"D:/UnrealEngine/PurdueRPGTemplate/Content/Mannequin/Animations/ThirdPerson_Jump.uasset" 45
"D:/UnrealEngine/PurdueRPGTemplate/Content/Mannequin/Animations/ThirdPerson_AnimBP.uasset" 46
"D:/UnrealEngine/PurdueRPGTemplate/Content/Mannequin/Character/Mesh/SK_Mannequin_PhysicsAsset.uasset" 47
"D:/UnrealEngine/PurdueRPGTemplate/Content/Mannequin/Character/Textures/UE4Man_Logo_N.uasset" 48
"D:/UnrealEngine/PurdueRPGTemplate/Content/Mannequin/Character/Textures/UE4_Mannequin_MAT_MASKA.uasset" 49
"D:/UnrealEngine/PurdueRPGTemplate/Content/Mannequin/Character/Textures/UE4_Mannequin__normals.uasset" 50
"D:/UnrealEngine/PurdueRPGTemplate/Content/Mannequin/Character/Materials/MaterialLayers/T_ML_Aluminum01_N.uasset" 51
"D:/UnrealEngine/PurdueRPGTemplate/Content/Mannequin/Character/Materials/MaterialLayers/T_ML_Aluminum01.uasset" 52
"D:/UnrealEngine/PurdueRPGTemplate/Content/Mannequin/Character/Materials/MaterialLayers/ML_SoftMetal_UE4.uasset" 53
"D:/UnrealEngine/PurdueRPGTemplate/Content/Mannequin/Character/Textures/UE4_LOGO_CARD.uasset" 54
"D:/UnrealEngine/PurdueRPGTemplate/Content/Mannequin/Character/Materials/MaterialLayers/ML_Plastic_Shiny_Beige_LOGO.uasset" 55
"D:/UnrealEngine/PurdueRPGTemplate/Content/Mannequin/Character/Materials/MaterialLayers/ML_Plastic_Shiny_Beige.uasset" 56
"D:/UnrealEngine/PurdueRPGTemplate/Content/Mannequin/Character/Materials/MaterialLayers/T_ML_Rubber_Blue_01_N.uasset" 57
"D:/UnrealEngine/PurdueRPGTemplate/Content/Mannequin/Character/Materials/MaterialLayers/T_ML_Rubber_Blue_01_D.uasset" 58
"D:/UnrealEngine/PurdueRPGTemplate/Content/Mannequin/Character/Materials/MaterialLayers/ML_GlossyBlack_Latex_UE4.uasset" 59
"../../../Engine/Content/Functions/MaterialLayerFunctions/MatLayerBlend_Simple.uasset" 60
"../../../Engine/Content/Functions/Engine_MaterialFunctions02/Utility/BlendAngleCorrectedNormals.uasset" 61
"../../../Engine/Content/Functions/MaterialLayerFunctions/MatLayerBlend_NormalBlend.uasset" 62
"D:/UnrealEngine/PurdueRPGTemplate/Content/Mannequin/Character/Materials/M_UE4Man_Body.uasset" 63
"D:/UnrealEngine/PurdueRPGTemplate/Content/Mannequin/Character/Materials/M_UE4Man_ChestLogo.uasset" 64
"D:/UnrealEngine/PurdueRPGTemplate/Content/Mannequin/Character/Mesh/SK_Mannequin.uasset" 65
"D:/UnrealEngine/PurdueRPGTemplate/Content/ThirdPersonBP/Blueprints/ThirdPersonCharacter.uasset" 66
"D:/UnrealEngine/PurdueRPGTemplate/Content/BP/Game/PurdueRPG_Mode.uasset" 67
"D:/UnrealEngine/PurdueRPGTemplate/Content/StarterContent/Blueprints/MousePlayerController.uasset" 68
"D:/UnrealEngine/PurdueRPGTemplate/Content/BP/Game/PurdueRPG_Mouse_Mode.uasset" 69
"D:/UnrealEngine/PurdueRPGTemplate/Content/StarterContent/Materials/M_Basic_Wall.uasset" 70
"D:/UnrealEngine/PurdueRPGTemplate/Content/StarterContent/Shapes/Shape_Sphere.uasset" 71
"D:/UnrealEngine/PurdueRPGTemplate/Content/BP/Objects/Projectile.uasset" 72
"D:/UnrealEngine/PurdueRPGTemplate/Content/Fonts/rm_typerighter.uasset" 73
"D:/UnrealEngine/PurdueRPGTemplate/Content/Fonts/rm_typerighter_Font.uasset" 74
"D:/UnrealEngine/PurdueRPGTemplate/Content/Geometry/Meshes/1M_Cube_Chamfer.uasset" 75
"D:/UnrealEngine/PurdueRPGTemplate/Content/Geometry/Meshes/TemplateFloor.uasset" 76
"D:/UnrealEngine/PurdueRPGTemplate/Content/Mannequin/Animations/ThirdPersonJump_End.uasset" 77
"D:/UnrealEngine/PurdueRPGTemplate/Content/Mesh/bread.uasset" 78
"D:/UnrealEngine/PurdueRPGTemplate/Content/Mesh/Donuts__Cube_227.uasset" 79
"D:/UnrealEngine/PurdueRPGTemplate/Content/Mesh/white.uasset" 80
"D:/UnrealEngine/PurdueRPGTemplate/Content/Mesh/golfball_FBX2010.uasset" 81
"D:/UnrealEngine/PurdueRPGTemplate/Content/Splash/Splash.uasset" 82
"D:/UnrealEngine/PurdueRPGTemplate/Content/Splash/splashV3.uasset" 83
"D:/UnrealEngine/PurdueRPGTemplate/Content/Splash/thumbnail.uasset" 84
"D:/UnrealEngine/PurdueRPGTemplate/Content/StarterContent/Architecture/Pillar_50x500.uasset" 85
"D:/UnrealEngine/PurdueRPGTemplate/Content/StarterContent/Architecture/Wall_400x300.uasset" 86
"D:/UnrealEngine/PurdueRPGTemplate/Content/StarterContent/Architecture/Wall_400x400.uasset" 87
"D:/UnrealEngine/PurdueRPGTemplate/Content/StarterContent/Architecture/Wall_500x500.uasset" 88
"D:/UnrealEngine/PurdueRPGTemplate/Content/StarterContent/Architecture/Wall_Door_400x400.uasset" 89
"D:/UnrealEngine/PurdueRPGTemplate/Content/StarterContent/Architecture/Wall_Window_400x400.uasset" 90
"D:/UnrealEngine/PurdueRPGTemplate/Content/StarterContent/Audio/Collapse01.uasset" 91
"D:/UnrealEngine/PurdueRPGTemplate/Content/StarterContent/Audio/Collapse02.uasset" 92
"D:/UnrealEngine/PurdueRPGTemplate/Content/StarterContent/Audio/Explosion01.uasset" 93
"D:/UnrealEngine/PurdueRPGTemplate/Content/StarterContent/Audio/Explosion02.uasset" 94
"D:/UnrealEngine/PurdueRPGTemplate/Content/StarterContent/Audio/Fire01.uasset" 95
"D:/UnrealEngine/PurdueRPGTemplate/Content/StarterContent/Audio/Fire_Sparks01.uasset" 96
"D:/UnrealEngine/PurdueRPGTemplate/Content/StarterContent/Audio/Light01.uasset" 97
"D:/UnrealEngine/PurdueRPGTemplate/Content/StarterContent/Audio/Light01_Cue.uasset" 98
"D:/UnrealEngine/PurdueRPGTemplate/Content/StarterContent/Audio/Light02.uasset" 99
"D:/UnrealEngine/PurdueRPGTemplate/Content/StarterContent/Audio/Light02_Cue.uasset" 100
"D:/UnrealEngine/PurdueRPGTemplate/Content/StarterContent/Audio/Smoke01.uasset" 101
"D:/UnrealEngine/PurdueRPGTemplate/Content/StarterContent/Audio/Starter_Birds01.uasset" 102
"D:/UnrealEngine/PurdueRPGTemplate/Content/StarterContent/Audio/Starter_Music01.uasset" 103
"D:/UnrealEngine/PurdueRPGTemplate/Content/StarterContent/Audio/Starter_Wind05.uasset" 104
"D:/UnrealEngine/PurdueRPGTemplate/Content/StarterContent/Audio/Starter_Wind06.uasset" 105
"D:/UnrealEngine/PurdueRPGTemplate/Content/StarterContent/Audio/Steam01.uasset" 106
"D:/UnrealEngine/PurdueRPGTemplate/Content/StarterContent/Audio/Explosion_Cue.uasset" 107
"D:/UnrealEngine/PurdueRPGTemplate/Content/StarterContent/Textures/T_Smoke_Tiled_D.uasset" 108
"D:/UnrealEngine/PurdueRPGTemplate/Content/StarterContent/Textures/T_Smoke_SubUV.uasset" 109
"D:/UnrealEngine/PurdueRPGTemplate/Content/StarterContent/Particles/Materials/M_smoke_subUV.uasset" 110
"../../../Engine/Content/Functions/Engine_MaterialFunctions01/Gradient/RadialGradient.uasset" 111
"D:/UnrealEngine/PurdueRPGTemplate/Content/StarterContent/Particles/Materials/M_radial_ramp.uasset" 112
"D:/UnrealEngine/PurdueRPGTemplate/Content/StarterContent/Particles/Materials/m_flare_01.uasset" 113
"D:/UnrealEngine/PurdueRPGTemplate/Content/StarterContent/Textures/T_Explosion_SubUV.uasset" 114
"D:/UnrealEngine/PurdueRPGTemplate/Content/StarterContent/Particles/Materials/M_explosion_subUV.uasset" 115
"D:/UnrealEngine/PurdueRPGTemplate/Content/StarterContent/Textures/T_Burst_M.uasset" 116
"D:/UnrealEngine/PurdueRPGTemplate/Content/StarterContent/Particles/Materials/M_Burst.uasset" 117
"D:/UnrealEngine/PurdueRPGTemplate/Content/StarterContent/Particles/P_Explosion.uasset" 118
"D:/UnrealEngine/PurdueRPGTemplate/Content/StarterContent/Blueprints/Blueprint_Effect_Explosion.uasset" 119
"D:/UnrealEngine/PurdueRPGTemplate/Content/StarterContent/Blueprints/DogsGame.uasset" 120
"../../../Engine/Content/EditorMeshes/ColorCalibrator/T_ColorGrid.uasset" 121
"D:/UnrealEngine/PurdueRPGTemplate/Content/StarterContent/Materials/M_ColorGrid_LowSpec.uasset" 122
"D:/UnrealEngine/PurdueRPGTemplate/Content/StarterContent/Textures/T_Bush_N.uasset" 123
"D:/UnrealEngine/PurdueRPGTemplate/Content/StarterContent/Textures/T_Bush_D.uasset" 124
"D:/UnrealEngine/PurdueRPGTemplate/Content/StarterContent/Props/Materials/M_Bush.uasset" 125
"D:/UnrealEngine/PurdueRPGTemplate/Content/StarterContent/Props/SM_Bush.uasset" 126
"D:/UnrealEngine/PurdueRPGTemplate/Content/StarterContent/Textures/T_Chair_N.uasset" 127
"D:/UnrealEngine/PurdueRPGTemplate/Content/StarterContent/Textures/T_Chair_M.uasset" 128
"D:/UnrealEngine/PurdueRPGTemplate/Content/StarterContent/Props/Materials/M_Chair.uasset" 129
"D:/UnrealEngine/PurdueRPGTemplate/Content/StarterContent/Props/SM_Couch.uasset" 130
"D:/UnrealEngine/PurdueRPGTemplate/Content/StarterContent/Textures/T_Door_N.uasset" 131
"D:/UnrealEngine/PurdueRPGTemplate/Content/StarterContent/Textures/T_Door_M.uasset" 132
"D:/UnrealEngine/PurdueRPGTemplate/Content/StarterContent/Props/Materials/M_Door.uasset" 133
"D:/UnrealEngine/PurdueRPGTemplate/Content/StarterContent/Materials/M_Glass.uasset" 134
"D:/UnrealEngine/PurdueRPGTemplate/Content/StarterContent/Props/SM_Door.uasset" 135
"D:/UnrealEngine/PurdueRPGTemplate/Content/StarterContent/Props/Materials/M_MaterialSphere_Plain.uasset" 136
"D:/UnrealEngine/PurdueRPGTemplate/Content/StarterContent/Props/Materials/M_MaterialSphere.uasset" 137
"D:/UnrealEngine/PurdueRPGTemplate/Content/StarterContent/Props/SM_MatPreviewMesh_02.uasset" 138
"D:/UnrealEngine/PurdueRPGTemplate/Content/StarterContent/Textures/T_RockMesh_N.uasset" 139
"D:/UnrealEngine/PurdueRPGTemplate/Content/StarterContent/Textures/T_RockMesh_M.uasset" 140
"D:/UnrealEngine/PurdueRPGTemplate/Content/StarterContent/Textures/T_Detail_Rocky_N.uasset" 141
"D:/UnrealEngine/PurdueRPGTemplate/Content/StarterContent/Textures/T_Rock_Basalt_D.uasset" 142
"D:/UnrealEngine/PurdueRPGTemplate/Content/StarterContent/Props/Materials/M_Rock.uasset" 143
"D:/UnrealEngine/PurdueRPGTemplate/Content/StarterContent/Props/SM_Rock.uasset" 144
"D:/UnrealEngine/PurdueRPGTemplate/Content/StarterContent/Textures/T_Shelf_N.uasset" 145
"D:/UnrealEngine/PurdueRPGTemplate/Content/StarterContent/Textures/T_Shelf_M.uasset" 146
"D:/UnrealEngine/PurdueRPGTemplate/Content/StarterContent/Props/Materials/M_Shelf.uasset" 147
"D:/UnrealEngine/PurdueRPGTemplate/Content/StarterContent/Props/SM_Shelf.uasset" 148
"D:/UnrealEngine/PurdueRPGTemplate/Content/StarterContent/Materials/M_Basic_Floor.uasset" 149
"D:/UnrealEngine/PurdueRPGTemplate/Content/StarterContent/Props/SM_Stairs.uasset" 150
"D:/UnrealEngine/PurdueRPGTemplate/Content/StarterContent/Shapes/Shape_Cone.uasset" 151
"D:/UnrealEngine/PurdueRPGTemplate/Content/StarterContent/Shapes/Shape_Cylinder.uasset" 152
"D:/UnrealEngine/PurdueRPGTemplate/Content/StarterContent/Shapes/Shape_NarrowCapsule.uasset" 153
"D:/UnrealEngine/PurdueRPGTemplate/Content/StarterContent/Shapes/Shape_Pipe.uasset" 154
"D:/UnrealEngine/PurdueRPGTemplate/Content/StarterContent/Shapes/Shape_Pipe_180.uasset" 155
"D:/UnrealEngine/PurdueRPGTemplate/Content/StarterContent/Shapes/Shape_Pipe_90.uasset" 156
"D:/UnrealEngine/PurdueRPGTemplate/Content/StarterContent/Shapes/Shape_Plane.uasset" 157
"D:/UnrealEngine/PurdueRPGTemplate/Content/StarterContent/Shapes/Shape_Torus.uasset" 158
"D:/UnrealEngine/PurdueRPGTemplate/Content/StarterContent/Shapes/Shape_Trim.uasset" 159
"D:/UnrealEngine/PurdueRPGTemplate/Content/StarterContent/Shapes/Shape_Trim_90_In.uasset" 160
"D:/UnrealEngine/PurdueRPGTemplate/Content/StarterContent/Shapes/Shape_Trim_90_Out.uasset" 161
"D:/UnrealEngine/PurdueRPGTemplate/Content/StarterContent/Shapes/Shape_TriPyramid.uasset" 162
"D:/UnrealEngine/PurdueRPGTemplate/Content/StarterContent/Shapes/Shape_Tube.uasset" 163
"D:/UnrealEngine/PurdueRPGTemplate/Content/StarterContent/Shapes/Shape_Wedge_A.uasset" 164
"D:/UnrealEngine/PurdueRPGTemplate/Content/StarterContent/Shapes/Shape_Wedge_B.uasset" 165
"D:/UnrealEngine/PurdueRPGTemplate/Content/StarterContent/Shapes/Shape_WideCapsule.uasset" 166
"D:/UnrealEngine/PurdueRPGTemplate/Content/BP/Enums/MissionStep.uasset" 167
"D:/UnrealEngine/PurdueRPGTemplate/Content/BP/Game/PurdueRPG_Instance.uasset" 168
"D:/UnrealEngine/PurdueRPGTemplate/Content/Textures/barrelGlow.uasset" 169
"D:/UnrealEngine/PurdueRPGTemplate/Content/Textures/enemy_E.uasset" 170
"D:/UnrealEngine/PurdueRPGTemplate/Content/Textures/FaceScreen.uasset" 171
"D:/UnrealEngine/PurdueRPGTemplate/Content/Textures/GreebleKnobs.uasset" 172
"D:/UnrealEngine/PurdueRPGTemplate/Content/Textures/soldier_D.uasset" 173
"D:/UnrealEngine/PurdueRPGTemplate/Content/Textures/soldier_enemy.uasset" 174
"D:/UnrealEngine/PurdueRPGTemplate/Content/Textures/terrain_Fort.uasset" 175
"D:/UnrealEngine/PurdueRPGTemplate/Content/Textures/terrain_Interior.uasset" 176
"D:/UnrealEngine/PurdueRPGTemplate/Content/Textures/terrain_Tree.uasset" 177
"D:/UnrealEngine/PurdueRPGTemplate/Content/Textures/t_loading.uasset" 178
"D:/UnrealEngine/PurdueRPGTemplate/Content/Textures/t_splash.uasset" 179
"D:/UnrealEngine/PurdueRPGTemplate/Content/Textures/t_splash_thumb.uasset" 180
"D:/UnrealEngine/PurdueRPGTemplate/Content/Textures/WaterTerrain.uasset" 181
"D:/UnrealEngine/PurdueRPGTemplate/Content/ThirdPerson/Meshes/RampMaterial.uasset" 182
"D:/UnrealEngine/PurdueRPGTemplate/Content/ThirdPerson/Meshes/Bump_StaticMesh.uasset" 183
"D:/UnrealEngine/PurdueRPGTemplate/Content/ThirdPerson/Meshes/LeftArm_StaticMesh.uasset" 184
"D:/UnrealEngine/PurdueRPGTemplate/Content/ThirdPerson/Meshes/Linear_Stair_StaticMesh.uasset" 185
"D:/UnrealEngine/PurdueRPGTemplate/Content/ThirdPerson/Meshes/Ramp_StaticMesh.uasset" 186
"D:/UnrealEngine/PurdueRPGTemplate/Content/ThirdPerson/Meshes/RightArm_StaticMesh.uasset" 187
"D:/UnrealEngine/PurdueRPGTemplate/Content/ThirdPersonBP/ThirdPersonOverview.uasset" 188
"../../../Engine/Content/Animation/DefaultAnimBoneCompressionSettings.uasset" 189
"../../../Engine/Content/Animation/DefaultAnimCurveCompressionSettings.uasset" 190
"../../../Engine/Content/ArtTools/RenderToTexture/Meshes/S_1_Unit_Plane.uasset" 191
"../../../Engine/Content/EngineMaterials/DefaultMaterial.uasset" 192
"../../../Engine/Content/BasicShapes/Cone.uasset" 193
"../../../Engine/Content/BasicShapes/Plane.uasset" 194
"../../../Engine/Content/BasicShapes/Sphere.uasset" 195
"../../../Engine/Content/EditorLandscapeResources/DataLayer.uasset" 196
"../../../Engine/Content/EditorLandscapeResources/DefaultAlphaTexture.uasset" 197
"../../../Engine/Content/EditorMaterials/MAT_Groups_Toggle.uasset" 198
"../../../Engine/Content/EditorMaterials/MAT_Groups_Visibility.uasset" 199
"../../../Engine/Content/EditorMaterials/PreviewShadowIndicator.uasset" 200
"../../../Engine/Content/EditorMaterials/PreviewShadowIndicatorMaterial.uasset" 201
"../../../Engine/Content/EditorMaterials/MatineeGroups/MAT_ColorTrack.uasset" 202
"../../../Engine/Content/EditorMaterials/MatineeGroups/MAT_Groups_Anim.uasset" 203
"../../../Engine/Content/EditorMaterials/MatineeGroups/MAT_Groups_AudioMaster.uasset" 204
"../../../Engine/Content/EditorMaterials/MatineeGroups/MAT_Groups_Director.uasset" 205
"../../../Engine/Content/EditorMaterials/MatineeGroups/MAT_Groups_Event.uasset" 206
"../../../Engine/Content/EditorMaterials/MatineeGroups/MAT_Groups_Fade.uasset" 207
"../../../Engine/Content/EditorMaterials/MatineeGroups/MAT_Groups_Float.uasset" 208
"../../../Engine/Content/EditorMaterials/MatineeGroups/MAT_Groups_Move.uasset" 209
"../../../Engine/Content/EditorMaterials/MatineeGroups/MAT_Groups_Slomo.uasset" 210
"../../../Engine/Content/EditorMaterials/MatineeGroups/MAT_Groups_Sound.uasset" 211
"../../../Engine/Content/EditorMaterials/MatineeGroups/MAT_Groups_Vector.uasset" 212
"../../../Engine/Content/EditorMaterials/ParticleSystems/PSysThumbnail_NoImage.uasset" 213
"../../../Engine/Content/EditorMaterials/ParticleSystems/PSysThumbnail_OOD.uasset" 214
"../../../Engine/Content/EditorMaterials/Camera/CineMat.uasset" 215
"../../../Engine/Content/EditorMaterials/Camera/MI_CineMat_Rig.uasset" 216
"../../../Engine/Content/EditorMeshes/Camera/SM_CraneRig_Arm.uasset" 217
"../../../Engine/Content/EditorMeshes/Camera/SM_CraneRig_Base.uasset" 218
"../../../Engine/Content/EditorMeshes/Camera/SM_CraneRig_Body.uasset" 219
"../../../Engine/Content/EditorMeshes/Camera/SM_CraneRig_Mount.uasset" 220
"../../../Engine/Content/EditorMeshes/Camera/SM_RailRig_Mount.uasset" 221
"../../../Engine/Content/EditorMeshes/Camera/SM_RailRig_Track.uasset" 222
"../../../Engine/Content/EditorResources/BSPVertex.uasset" 223
"../../../Engine/Content/EditorResources/EmptyActor.uasset" 224
"../../../Engine/Content/EditorResources/S_Actor.uasset" 225
"../../../Engine/Content/EditorResources/S_Note.uasset" 226
"../../../Engine/Content/EditorResources/S_Solver.uasset" 227
"../../../Engine/Content/EditorResources/S_Terrain.uasset" 228
"../../../Engine/Content/EditorResources/S_Trigger.uasset" 229
"../../../Engine/Content/EditorResources/AudioIcons/S_AudioComponent.uasset" 230
"../../../Engine/Content/EditorResources/AudioIcons/S_AudioComponent_AutoActivate.uasset" 231
"../../../Engine/Content/EditorResources/LightIcons/S_LightError.uasset" 232
"../../../Engine/Content/EditorResources/SequenceRecorder/Countdown.uasset" 233
"../../../Engine/Content/EditorResources/SequenceRecorder/RecordingIndicator.uasset" 234
"../../../Engine/Content/EngineDamageTypes/DmgTypeBP_Environmental.uasset" 235
"../../../Engine/Content/EngineDebugMaterials/DebugEditorMaterial.uasset" 236
"../../../Engine/Content/EngineDebugMaterials/DebugMeshMaterial.uasset" 237
"../../../Engine/Content/EngineDebugMaterials/M_SimpleUnlitTranslucent.uasset" 238
"../../../Engine/Content/EngineDebugMaterials/VolumeToRender.uasset" 239
"../../../Engine/Content/Functions/Engine_MaterialFunctions02/Utility/CameraDirectionVector.uasset" 240
"../../../Engine/Content/EngineDebugMaterials/M_VolumeRenderSphereTracePP.uasset" 241
"../../../Engine/Content/Functions/Engine_MaterialFunctions01/Shading/ConvertFromDiffSpec.uasset" 242
"../../../Engine/Content/EngineDebugMaterials/VertexColorMaterial.uasset" 243
"../../../Engine/Content/EngineDebugMaterials/WireframeMaterial.uasset" 244
"../../../Engine/Content/EngineFonts/Faces/RobotoRegular.uasset" 245
"../../../Engine/Content/EngineFonts/Faces/RobotoLight.uasset" 246
"../../../Engine/Content/EngineFonts/Faces/RobotoItalic.uasset" 247
"../../../Engine/Content/EngineFonts/Faces/RobotoBoldItalic.uasset" 248
"../../../Engine/Content/EngineFonts/Faces/RobotoBold.uasset" 249
"../../../Engine/Content/EngineFonts/Faces/DroidSansFallback.uasset" 250
"../../../Engine/Content/EngineFonts/Roboto.uasset" 251
"../../../Engine/Content/EngineMaterials/BaseFlattenNormalMap.uasset" 252
"../../../Engine/Content/EngineMaterials/BaseFlattenGrayscaleMap.uasset" 253
"../../../Engine/Content/EngineMaterials/BaseFlattenEmissiveMap.uasset" 254
"../../../Engine/Content/EngineMaterials/BaseFlattenDiffuseMap.uasset" 255
"../../../Engine/Content/EngineMaterials/BaseFlattenMaterial.uasset" 256
"../../../Engine/Content/EngineMaterials/BlueNoise.uasset" 257
"../../../Engine/Content/EngineMaterials/DefaultBloomKernel.uasset" 258
"../../../Engine/Content/EngineMaterials/DefaultBokeh.uasset" 259
"../../../Engine/Content/EngineMaterials/DefaultDiffuse.uasset" 260
"../../../Engine/Content/EngineMaterials/DefaultDeferredDecalMaterial.uasset" 261
"../../../Engine/Content/EngineMaterials/DefaultLightFunctionMaterial.uasset" 262
"../../../Engine/Content/EngineMaterials/DefaultPhysicalMaterial.uasset" 263
"../../../Engine/Content/Functions/Engine_MaterialFunctions02/Utility/BreakOutFloat2Components.uasset" 264
"../../../Engine/Content/EngineMaterials/DefaultPostProcessMaterial.uasset" 265
"../../../Engine/Content/EngineFonts/RobotoDistanceField.uasset" 266
"../../../Engine/Content/EngineMaterials/DefaultTextMaterialOpaque.uasset" 267
"../../../Engine/Content/EngineMaterials/DefaultWhiteGrid.uasset" 268
"../../../Engine/Content/EngineMaterials/DefaultWhiteGrid_Low.uasset" 269
"../../../Engine/Content/EngineMaterials/EmissiveMeshMaterial.uasset" 270
"../../../Engine/Content/EngineMaterials/GizmoMaterial.uasset" 271
"../../../Engine/Content/EngineMaterials/Good64x64TilingNoiseHighFreq.uasset" 272
"../../../Engine/Content/EngineMaterials/MiniFont.uasset" 273
"../../../Engine/Content/EngineMaterials/InvalidLightmapSettings.uasset" 274
"../../../Engine/Content/EngineMaterials/M_InvalidLightmapSettings.uasset" 275
"../../../Engine/Content/Functions/Engine_MaterialFunctions02/WorldPositionOffset/CameraOffset.uasset" 276
"../../../Engine/Content/EngineMaterials/PhAT_JointLimitMaterial.uasset" 277
"../../../Engine/Content/EngineMaterials/PreintegratedSkinBRDF.uasset" 278
"../../../Engine/Content/EngineMaterials/RemoveSurfaceMaterial.uasset" 279
"../../../Engine/Content/EngineMaterials/WeightMapPlaceholderTexture.uasset" 280
"../../../Engine/Content/EngineResources/WhiteSquareTexture.uasset" 281
"../../../Engine/Content/EngineMaterials/Widget3DPassThrough.uasset" 282
"../../../Engine/Content/EngineMaterials/Widget3DPassThrough_Masked.uasset" 283
"../../../Engine/Content/EngineMaterials/Widget3DPassThrough_Opaque.uasset" 284
"../../../Engine/Content/EngineMaterials/Widget3DPassThrough_Masked_OneSided.uasset" 285
"../../../Engine/Content/EngineMaterials/Widget3DPassThrough_Opaque_OneSided.uasset" 286
"../../../Engine/Content/EngineMaterials/Widget3DPassThrough_Translucent.uasset" 287
"../../../Engine/Content/EngineMaterials/Widget3DPassThrough_Translucent_OneSided.uasset" 288
"../../../Engine/Content/EngineMeshes/Cylinder.uasset" 289
"../../../Engine/Content/EngineMeshes/Sphere.uasset" 290
"../../../Engine/Content/EngineResources/Black.uasset" 291
"../../../Engine/Content/EngineResources/DefaultTextureCube.uasset" 292
"../../../Engine/Content/EngineResources/DefaultVolumeTexture2D.uasset" 293
"../../../Engine/Content/EngineResources/DefaultVolumeTexture.uasset" 294
"../../../Engine/Content/EngineResources/GradientTexture0.uasset" 295
"../../../Engine/Content/EngineSky/VolumetricClouds/T_NoiseShape64.uasset" 296
"../../../Engine/Content/EngineSky/VolumetricClouds/T_VolumeNoiseShape64.uasset" 297
"../../../Engine/Content/EngineSky/VolumetricClouds/T_NoiseErosion.uasset" 298
"../../../Engine/Content/EngineSky/VolumetricClouds/T_VolumeNoiseErosion32.uasset" 299
"../../../Engine/Content/EngineSky/VolumetricClouds/CloudWeatherTexture.uasset" 300
"../../../Engine/Content/EngineSky/VolumetricClouds/CloudGradientTexture.uasset" 301
"../../../Engine/Content/Functions/Engine_MaterialFunctions02/Utility/MakeFloat2.uasset" 302
"../../../Engine/Content/EngineSky/VolumetricClouds/m_SimpleVolumetricCloud.uasset" 303
"../../../Engine/Content/EngineSky/VolumetricClouds/m_SimpleVolumetricCloud_Inst.uasset" 304
"../../../Engine/Content/EngineSounds/Master.uasset" 305
"../../../Engine/Content/Functions/Engine_MaterialFunctions01/Shading/PowerToRoughness.uasset" 306
"../../../Engine/Content/Maps/Templates/Thumbnails/Default.uasset" 307
"../../../Engine/Content/Maps/Templates/Thumbnails/VR-Basic.uasset" 308
"../../../Engine/Content/MobileResources/T_MobileControls_texture.uasset" 309
"../../../Engine/Content/MobileResources/T_MobileMenu2.uasset" 310
"../../../Engine/Content/MobileResources/HUD/AnalogHat.uasset" 311
"../../../Engine/Content/MobileResources/HUD/VirtualJoystick_Thumb.uasset" 312
"../../../Engine/Content/MobileResources/HUD/VirtualJoystick_Background.uasset" 313
"../../../Engine/Content/MobileResources/HUD/DefaultVirtualJoysticks.uasset" 314
"../../../Engine/Content/MobileResources/HUD/LeftVirtualJoystickOnly.uasset" 315
"../../../Engine/Content/MobileResources/HUD/MobileHUDButton1_off.uasset" 316
"../../../Engine/Content/MobileResources/HUD/MobileHUDButton1_on.uasset" 317
"../../../Engine/Content/MobileResources/HUD/MobileHUDButton2_off.uasset" 318
"../../../Engine/Content/MobileResources/HUD/MobileHUDButton2_on.uasset" 319
"../../../Engine/Content/MobileResources/HUD/MobileHUDButton3.uasset" 320
"../../../Engine/Content/MobileResources/HUD/MobileHUDButtonFire.uasset" 321
"../../../Engine/Content/MobileResources/HUD/MobileHUDDirectionPad.uasset" 322
"../../../Engine/Content/MobileResources/HUD/MobileHUDDirectionPad2.uasset" 323
"../../../Engine/Content/MobileResources/HUD/MobileHUDDirectionPad3.uasset" 324
"../../../Engine/Content/MobileResources/HUD/MobileHUDDirectionStick.uasset" 325
"../../../Engine/Content/MobileResources/HUD/T_Castle_ThumbstickInner.uasset" 326
"../../../Engine/Content/MobileResources/HUD/T_Castle_ThumbstickOutter.uasset" 327
"../../../Engine/Content/Tutorial/ContentIntroCurve.uasset" 328
"../../../Engine/Content/Tutorial/Basics/LevelEditorAttract.uasset" 329
"../../../Engine/Content/VREditor/TransformGizmo/TranslucentTransformGizmoMaterial.uasset" 330
"../../../Engine/Content/VREditor/LaserPointer/VR_LaserPower_01.uasset" 331
"../../../Engine/Content/VREditor/TransformGizmo/TransformGizmoMaterial.uasset" 332
"../../../Engine/Content/VREditor/TransformGizmo/BoundingBoxCorner.uasset" 333
"../../../Engine/Content/VREditor/TransformGizmo/BoundingBoxEdge.uasset" 334
"../../../Engine/Content/VREditor/TransformGizmo/PlaneTranslationHandle.uasset" 335
"../../../Engine/Content/VREditor/TransformGizmo/Xray.uasset" 336
"../../../Engine/Content/VREditor/TransformGizmo/Main.uasset" 337
"../../../Engine/Content/VREditor/TransformGizmo/SM_Sequencer_Key.uasset" 338
"../../../Engine/Content/VREditor/TransformGizmo/SM_Sequencer_Node.uasset" 339
"../../Plugins/2D/Paper2D/Content/PlaceholderTextures/DummySpriteTexture.uasset" 340
"../../Plugins/2D/Paper2D/Content/DummySprite.uasset" 341
"../../Plugins/2D/Paper2D/Content/DefaultPaperTerrainMaterial.uasset" 342
"../../Plugins/2D/Paper2D/Content/DefaultSpriteMaterial.uasset" 343
"../../Plugins/2D/Paper2D/Content/MaskedUnlitSpriteMaterial.uasset" 344
"../../Plugins/2D/Paper2D/Content/OpaqueUnlitSpriteMaterial.uasset" 345
"../../../Engine/Content/Functions/Engine_MaterialFunctions02/Utility/BreakOutFloat3Components.uasset" 346
"../../Plugins/Editor/SpeedTreeImporter/Content/SpeedTree9/UnpackInteger3.uasset" 347
"../../Plugins/Editor/SpeedTreeImporter/Content/SpeedTree9/UnpackDirection.uasset" 348
"../../Plugins/Editor/SpeedTreeImporter/Content/SpeedTree9/game_wind_noise.uasset" 349
"../../../Engine/Content/Functions/Engine_MaterialFunctions02/SafeNormalize.uasset" 350
"../../Plugins/Editor/SpeedTreeImporter/Content/SpeedTree9/SpeedTreeWindMotion.uasset" 351
"../../Plugins/Editor/SpeedTreeImporter/Content/SpeedTree9/SpeedTreeBranchMotion.uasset" 352
"../../../Engine/Content/Functions/Engine_MaterialFunctions02/ObjectLocalBounds.uasset" 353
"../../../Engine/Content/Functions/Engine_MaterialFunctions02/UVs/BoundingBoxBased_0-1_UVW.uasset" 354
"../../Plugins/Editor/SpeedTreeImporter/Content/SpeedTree9/SpeedTreeWind.uasset" 355
"../../Plugins/Editor/SpeedTreeImporter/Content/SpeedTree9/SpeedTreeBillboard.uasset" 356
"../../../Engine/Content/EngineResources/DefaultTexture.uasset" 357
"../../Plugins/Editor/SpeedTreeImporter/Content/SpeedTree9/SpeedTreeBillboardMaster.uasset" 358
"../../Plugins/Editor/SpeedTreeImporter/Content/SpeedTree9/SpeedTreeCameraFacing.uasset" 359
"../../Plugins/Editor/SpeedTreeImporter/Content/SpeedTree9/SpeedTreeMaster.uasset" 360
"../../../Engine/Content/ArtTools/RenderToTexture/Materials/Debug/M_Emissive_Color.uasset" 361
"../../../Engine/Content/BasicShapes/Cylinder.uasset" 362
"../../Plugins/Lumin/MagicLeapPassableWorld/Content/MagicLeapARPinInfoActor.uasset" 363
"../../../Engine/Content/Functions/Engine_MaterialFunctions02/Utility/BreakOutFloat4Components.uasset" 364
"../../../Engine/Content/Functions/Engine_MaterialFunctions02/Utility/MakeFloat3.uasset" 365
"../../Plugins/Runtime/Oculus/OculusVR/Content/Materials/OculusMR_ChromaKey.uasset" 366
"../../Plugins/Runtime/Oculus/OculusVR/Content/Materials/OculusMR_OpaqueColoredMaterial.uasset" 367
"../../Plugins/Runtime/Oculus/OculusVR/Content/Materials/PokeAHoleMaterial.uasset" 368
"../../../Engine/Content/MapTemplates/SM_Template_Map_Floor.uasset" 369
"../../../Engine/Content/EngineSky/T_Sky_Stars.uasset" 370
"../../../Engine/Content/EngineSky/T_Sky_Clouds_M.uasset" 371
"../../../Engine/Content/EngineSky/T_Sky_Blue.uasset" 372
"../../../Engine/Content/EngineSky/M_Sky_Panning_Clouds2.uasset" 373
"../../../Engine/Content/BasicShapes/BasicShapeMaterial.uasset" 374
"D:/UnrealEngine/PurdueRPGTemplate/Content/ThirdPersonBP/Blueprints/PurdueRPG_Game_Mode.uasset" 375
"D:/UnrealEngine/PurdueRPGTemplate/Content/BP/Characters/Enemy_Brawler.uasset" 376
"../../../Engine/Content/EngineSky/SM_SkySphere.uasset" 377
"../../../Engine/Content/EngineSky/C_Sky_Zenith_Color.uasset" 378
"../../../Engine/Content/EngineSky/C_Sky_Horizon_Color.uasset" 379
"../../../Engine/Content/EngineSky/C_Sky_Cloud_Color.uasset" 380
"../../../Engine/Content/EngineSky/BP_Sky_Sphere.uasset" 381
"D:/UnrealEngine/PurdueRPGTemplate/Content/BP/Objects/Interact_SuperSimple.uasset" 382
"D:/UnrealEngine/PurdueRPGTemplate/Content/Maps/Test/ExampleQuests_BuiltData.uasset" 383
"D:/UnrealEngine/PurdueRPGTemplate/Content/Maps/Test/ExampleQuests.umap" 384
"D:/UnrealEngine/PurdueRPGTemplate/Content/StarterContent/Materials/M_AssetPlatform.uasset" 385
"D:/UnrealEngine/PurdueRPGTemplate/Content/StarterContent/Architecture/SM_AssetPlatform.uasset" 386
"D:/UnrealEngine/PurdueRPGTemplate/Content/StarterContent/Blueprints/Assets/FogBrightnessLUT.uasset" 387
"D:/UnrealEngine/PurdueRPGTemplate/Content/StarterContent/Blueprints/Assets/SunlightColorLUT.uasset" 388
"D:/UnrealEngine/PurdueRPGTemplate/Content/StarterContent/Blueprints/Assets/M_LightStage_Arrows.uasset" 389
"../../../Engine/Content/MapTemplates/Sky/DaylightAmbientCubemap.uasset" 390
"D:/UnrealEngine/PurdueRPGTemplate/Content/StarterContent/Blueprints/Assets/M_LightStage_Skybox_Master.uasset" 391
"D:/UnrealEngine/PurdueRPGTemplate/Content/StarterContent/Blueprints/Assets/M_LightStage_Skybox_Black.uasset" 392
"D:/UnrealEngine/PurdueRPGTemplate/Content/StarterContent/Blueprints/Assets/M_LightStage_Skybox_HDRI.uasset" 393
"../../../Engine/Content/EditorMaterials/Thumbnails/SkySphereMaterial.uasset" 394
"D:/UnrealEngine/PurdueRPGTemplate/Content/StarterContent/Blueprints/Assets/Skybox.uasset" 395
"D:/UnrealEngine/PurdueRPGTemplate/Content/StarterContent/Blueprints/Assets/SM_Arrows.uasset" 396
"D:/UnrealEngine/PurdueRPGTemplate/Content/StarterContent/HDRI/HDRI_Epic_Courtyard_Daylight.uasset" 397
"D:/UnrealEngine/PurdueRPGTemplate/Content/StarterContent/Blueprints/BP_LightStudio.uasset" 398
"../../../Engine/Content/EditorMeshes/ColorCalibrator/M_GreyBall.uasset" 399
"../../../Engine/Content/EditorMeshes/ColorCalibrator/Color_checker.uasset" 400
"../../../Engine/Content/EditorMeshes/ColorCalibrator/M_ColorGrid.uasset" 401
"../../../Engine/Content/EditorMeshes/ColorCalibrator/M_ClearCoatBlack.uasset" 402
"../../../Engine/Content/EditorMeshes/ColorCalibrator/M_ClearCoat.uasset" 403
"../../../Engine/Content/EditorMeshes/ColorCalibrator/M_ChromeBall.uasset" 404
"../../../Engine/Content/EditorMeshes/ColorCalibrator/SM_ColorCalibrator.uasset" 405
"D:/UnrealEngine/PurdueRPGTemplate/Content/StarterContent/Maps/Advanced_Lighting_BuiltData.uasset" 406
"D:/UnrealEngine/PurdueRPGTemplate/Content/StarterContent/Maps/Advanced_Lighting.umap" 407
"D:/UnrealEngine/PurdueRPGTemplate/Content/StarterContent/Architecture/Floor_400x400.uasset" 408
"D:/UnrealEngine/PurdueRPGTemplate/Content/StarterContent/Audio/Starter_Background_Cue.uasset" 409
"D:/UnrealEngine/PurdueRPGTemplate/Content/StarterContent/Maps/Minimal_Default_BuiltData.uasset" 410
"D:/UnrealEngine/PurdueRPGTemplate/Content/StarterContent/Materials/M_Metal_Brushed_Nickel.uasset" 411
"D:/UnrealEngine/PurdueRPGTemplate/Content/StarterContent/Textures/T_Metal_Gold_N.uasset" 412
"D:/UnrealEngine/PurdueRPGTemplate/Content/StarterContent/Textures/T_Metal_Aluminum_D.uasset" 413
"D:/UnrealEngine/PurdueRPGTemplate/Content/StarterContent/Materials/M_Metal_Burnished_Steel.uasset" 414
"D:/UnrealEngine/PurdueRPGTemplate/Content/StarterContent/Textures/T_Metal_Copper_D.uasset" 415
"D:/UnrealEngine/PurdueRPGTemplate/Content/StarterContent/Materials/M_Metal_Copper.uasset" 416
"D:/UnrealEngine/PurdueRPGTemplate/Content/StarterContent/Textures/T_Statue_N.uasset" 417
"D:/UnrealEngine/PurdueRPGTemplate/Content/StarterContent/Textures/T_Statue_M.uasset" 418
"D:/UnrealEngine/PurdueRPGTemplate/Content/StarterContent/Props/Materials/M_StatueGlass.uasset" 419
"D:/UnrealEngine/PurdueRPGTemplate/Content/StarterContent/Props/SM_Chair.uasset" 420
"D:/UnrealEngine/PurdueRPGTemplate/Content/StarterContent/Props/Materials/M_Statue.uasset" 421
"D:/UnrealEngine/PurdueRPGTemplate/Content/StarterContent/Props/SM_Statue.uasset" 422
"D:/UnrealEngine/PurdueRPGTemplate/Content/StarterContent/Textures/T_TableRound_N.uasset" 423
"D:/UnrealEngine/PurdueRPGTemplate/Content/StarterContent/Textures/T_TableRound_M.uasset" 424
"D:/UnrealEngine/PurdueRPGTemplate/Content/StarterContent/Props/Materials/M_TableRound.uasset" 425
"D:/UnrealEngine/PurdueRPGTemplate/Content/StarterContent/Props/SM_TableRound.uasset" 426
"D:/UnrealEngine/PurdueRPGTemplate/Content/StarterContent/Maps/Minimal_Default.umap" 427
"D:/UnrealEngine/PurdueRPGTemplate/Content/StarterContent/Shapes/Shape_QuadPyramid.uasset" 428
"D:/UnrealEngine/PurdueRPGTemplate/Content/StarterContent/Shapes/Shape_Cube.uasset" 429
"D:/UnrealEngine/PurdueRPGTemplate/Content/StarterContent/Textures/T_Frame_N.uasset" 430
"D:/UnrealEngine/PurdueRPGTemplate/Content/StarterContent/Textures/T_Frame_M.uasset" 431
"D:/UnrealEngine/PurdueRPGTemplate/Content/StarterContent/Props/Materials/M_Frame.uasset" 432
"D:/UnrealEngine/PurdueRPGTemplate/Content/StarterContent/Props/SM_WindowFrame.uasset" 433
"D:/UnrealEngine/PurdueRPGTemplate/Content/StarterContent/Props/SM_PillarFrame300.uasset" 434
"D:/UnrealEngine/PurdueRPGTemplate/Content/StarterContent/Props/SM_PillarFrame.uasset" 435
"D:/UnrealEngine/PurdueRPGTemplate/Content/StarterContent/Props/SM_GlassWindow.uasset" 436
"D:/UnrealEngine/PurdueRPGTemplate/Content/StarterContent/Props/SM_DoorFrame.uasset" 437
"D:/UnrealEngine/PurdueRPGTemplate/Content/StarterContent/Props/SM_CornerFrame.uasset" 438
"D:/UnrealEngine/PurdueRPGTemplate/Content/StarterContent/Props/MaterialSphere.uasset" 439
"D:/UnrealEngine/PurdueRPGTemplate/Content/StarterContent/Textures/T_Dust_Particle_D.uasset" 440
"D:/UnrealEngine/PurdueRPGTemplate/Content/StarterContent/Particles/Materials/M_Dust_Particle.uasset" 441
"D:/UnrealEngine/PurdueRPGTemplate/Content/StarterContent/Particles/P_Ambient_Dust.uasset" 442
"D:/UnrealEngine/PurdueRPGTemplate/Content/StarterContent/Textures/T_Wood_Walnut_N.uasset" 443
"D:/UnrealEngine/PurdueRPGTemplate/Content/StarterContent/Textures/T_Wood_Walnut_D.uasset" 444
"D:/UnrealEngine/PurdueRPGTemplate/Content/StarterContent/Materials/M_Wood_Walnut.uasset" 445
"D:/UnrealEngine/PurdueRPGTemplate/Content/StarterContent/Textures/T_Perlin_Noise_M.uasset" 446
"D:/UnrealEngine/PurdueRPGTemplate/Content/StarterContent/Textures/T_Wood_Pine_N.uasset" 447
"D:/UnrealEngine/PurdueRPGTemplate/Content/StarterContent/Textures/T_Wood_Pine_D.uasset" 448
"D:/UnrealEngine/PurdueRPGTemplate/Content/StarterContent/Materials/M_Wood_Pine.uasset" 449
"D:/UnrealEngine/PurdueRPGTemplate/Content/StarterContent/Textures/T_Wood_Oak_N.uasset" 450
"D:/UnrealEngine/PurdueRPGTemplate/Content/StarterContent/Textures/T_Wood_Oak_D.uasset" 451
"D:/UnrealEngine/PurdueRPGTemplate/Content/StarterContent/Materials/M_Wood_Oak.uasset" 452
"../../../Engine/Content/Functions/Engine_MaterialFunctions01/Opacity/AlphaOffset.uasset" 453
"D:/UnrealEngine/PurdueRPGTemplate/Content/StarterContent/Textures/T_Wood_Floor_Walnut_N.uasset" 454
"D:/UnrealEngine/PurdueRPGTemplate/Content/StarterContent/Textures/T_Wood_Floor_Walnut_M.uasset" 455
"D:/UnrealEngine/PurdueRPGTemplate/Content/StarterContent/Textures/T_Wood_Floor_Walnut_D.uasset" 456
"D:/UnrealEngine/PurdueRPGTemplate/Content/StarterContent/Materials/M_Wood_Floor_Walnut_Worn.uasset" 457
"D:/UnrealEngine/PurdueRPGTemplate/Content/StarterContent/Materials/M_Wood_Floor_Walnut_Polished.uasset" 458
"D:/UnrealEngine/PurdueRPGTemplate/Content/StarterContent/Textures/T_Water_M.uasset" 459
"D:/UnrealEngine/PurdueRPGTemplate/Content/StarterContent/Textures/T_Water_N.uasset" 460
"D:/UnrealEngine/PurdueRPGTemplate/Content/StarterContent/Materials/M_Water_Ocean.uasset" 461
"D:/UnrealEngine/PurdueRPGTemplate/Content/StarterContent/Materials/M_Water_Lake.uasset" 462
"D:/UnrealEngine/PurdueRPGTemplate/Content/StarterContent/Textures/T_Tech_Panel_N.uasset" 463
"D:/UnrealEngine/PurdueRPGTemplate/Content/StarterContent/Textures/T_Tech_Panel_M.uasset" 464
"D:/UnrealEngine/PurdueRPGTemplate/Content/StarterContent/Textures/T_Metal_Steel_D.uasset" 465
"D:/UnrealEngine/PurdueRPGTemplate/Content/StarterContent/Materials/M_Tech_Panel.uasset" 466
"D:/UnrealEngine/PurdueRPGTemplate/Content/StarterContent/Textures/T_Tech_Hex_Tile_N.uasset" 467
"D:/UnrealEngine/PurdueRPGTemplate/Content/StarterContent/Textures/T_Tech_Hex_Tile_M.uasset" 468
"D:/UnrealEngine/PurdueRPGTemplate/Content/StarterContent/Materials/M_Tech_Hex_Tile_Pulse.uasset" 469
"D:/UnrealEngine/PurdueRPGTemplate/Content/StarterContent/Materials/M_Tech_Hex_Tile.uasset" 470
"D:/UnrealEngine/PurdueRPGTemplate/Content/StarterContent/Textures/T_Tech_Dot_N.uasset" 471
"D:/UnrealEngine/PurdueRPGTemplate/Content/StarterContent/Textures/T_Tech_Dot_M.uasset" 472
"D:/UnrealEngine/PurdueRPGTemplate/Content/StarterContent/Textures/T_Single_Tile_N.uasset" 473
"D:/UnrealEngine/PurdueRPGTemplate/Content/StarterContent/Textures/T_Checker_Noise_M.uasset" 474
"D:/UnrealEngine/PurdueRPGTemplate/Content/StarterContent/Materials/M_Tech_Checker_Dot.uasset" 475
"D:/UnrealEngine/PurdueRPGTemplate/Content/StarterContent/Textures/T_Rock_Slate_N.uasset" 476
"D:/UnrealEngine/PurdueRPGTemplate/Content/StarterContent/Textures/T_Rock_Slate_D.uasset" 477
"D:/UnrealEngine/PurdueRPGTemplate/Content/StarterContent/Materials/M_Rock_Slate.uasset" 478
"D:/UnrealEngine/PurdueRPGTemplate/Content/StarterContent/Textures/T_Rock_Sandstone_N.uasset" 479
"D:/UnrealEngine/PurdueRPGTemplate/Content/StarterContent/Textures/T_Rock_Sandstone_D.uasset" 480
"D:/UnrealEngine/PurdueRPGTemplate/Content/StarterContent/Materials/M_Rock_Sandstone.uasset" 481
"D:/UnrealEngine/PurdueRPGTemplate/Content/StarterContent/Textures/T_Rock_Marble_Polished_D.uasset" 482
"D:/UnrealEngine/PurdueRPGTemplate/Content/StarterContent/Materials/M_Rock_Marble_Polished.uasset" 483
"D:/UnrealEngine/PurdueRPGTemplate/Content/StarterContent/Textures/T_Rock_Basalt_N.uasset" 484
"D:/UnrealEngine/PurdueRPGTemplate/Content/StarterContent/Materials/M_Rock_Basalt.uasset" 485
"D:/UnrealEngine/PurdueRPGTemplate/Content/StarterContent/Textures/T_Metal_Steel_N.uasset" 486
"D:/UnrealEngine/PurdueRPGTemplate/Content/StarterContent/Materials/M_Metal_Steel.uasset" 487
"D:/UnrealEngine/PurdueRPGTemplate/Content/StarterContent/Textures/T_Metal_Rust_N.uasset" 488
"D:/UnrealEngine/PurdueRPGTemplate/Content/StarterContent/Textures/T_Metal_Rust_D.uasset" 489
"D:/UnrealEngine/PurdueRPGTemplate/Content/StarterContent/Materials/M_Metal_Rust.uasset" 490
"D:/UnrealEngine/PurdueRPGTemplate/Content/StarterContent/Textures/T_Metal_Gold_D.uasset" 491
"D:/UnrealEngine/PurdueRPGTemplate/Content/StarterContent/Materials/M_Metal_Gold.uasset" 492
"D:/UnrealEngine/PurdueRPGTemplate/Content/StarterContent/Textures/T_Ground_Moss_N.uasset" 493
"D:/UnrealEngine/PurdueRPGTemplate/Content/StarterContent/Textures/T_ground_Moss_D.uasset" 494
"D:/UnrealEngine/PurdueRPGTemplate/Content/StarterContent/Materials/M_Ground_Moss.uasset" 495
"D:/UnrealEngine/PurdueRPGTemplate/Content/StarterContent/Textures/T_Ground_Gravel_N.uasset" 496
"D:/UnrealEngine/PurdueRPGTemplate/Content/StarterContent/Textures/T_Ground_Gravel_D.uasset" 497
"D:/UnrealEngine/PurdueRPGTemplate/Content/StarterContent/Materials/M_Ground_Gravel.uasset" 498
"D:/UnrealEngine/PurdueRPGTemplate/Content/StarterContent/Textures/T_Ground_Grass_N.uasset" 499
"D:/UnrealEngine/PurdueRPGTemplate/Content/StarterContent/Textures/T_Ground_Grass_D.uasset" 500
"D:/UnrealEngine/PurdueRPGTemplate/Content/StarterContent/Materials/M_Ground_Grass.uasset" 501
"D:/UnrealEngine/PurdueRPGTemplate/Content/StarterContent/Textures/T_Concrete_Tiles_Variation_M.uasset" 502
"D:/UnrealEngine/PurdueRPGTemplate/Content/StarterContent/Textures/T_Concrete_Tiles_N.uasset" 503
"D:/UnrealEngine/PurdueRPGTemplate/Content/StarterContent/Textures/T_Concrete_Tiles_M.uasset" 504
"D:/UnrealEngine/PurdueRPGTemplate/Content/StarterContent/Textures/T_Concrete_Tiles_D.uasset" 505
"D:/UnrealEngine/PurdueRPGTemplate/Content/StarterContent/Materials/M_Concrete_Tiles.uasset" 506
"D:/UnrealEngine/PurdueRPGTemplate/Content/StarterContent/Textures/T_Concrete_Poured_D.uasset" 507
"D:/UnrealEngine/PurdueRPGTemplate/Content/StarterContent/Textures/T_Concrete_Poured_N.uasset" 508
"D:/UnrealEngine/PurdueRPGTemplate/Content/StarterContent/Materials/M_Concrete_Poured.uasset" 509
"D:/UnrealEngine/PurdueRPGTemplate/Content/StarterContent/Textures/T_Concrete_Panels_N.uasset" 510
"D:/UnrealEngine/PurdueRPGTemplate/Content/StarterContent/Textures/T_Concrete_Panels_D.uasset" 511
"D:/UnrealEngine/PurdueRPGTemplate/Content/StarterContent/Materials/M_Concrete_Panels.uasset" 512
"D:/UnrealEngine/PurdueRPGTemplate/Content/StarterContent/Textures/T_Concrete_Grime_D.uasset" 513
"D:/UnrealEngine/PurdueRPGTemplate/Content/StarterContent/Materials/M_Concrete_Grime.uasset" 514
"D:/UnrealEngine/PurdueRPGTemplate/Content/StarterContent/Textures/T_CobbleStone_Smooth_N.uasset" 515
"D:/UnrealEngine/PurdueRPGTemplate/Content/StarterContent/Textures/T_CobbleStone_Smooth_M.uasset" 516
"D:/UnrealEngine/PurdueRPGTemplate/Content/StarterContent/Textures/T_CobbleStone_Smooth_D.uasset" 517
"D:/UnrealEngine/PurdueRPGTemplate/Content/StarterContent/Textures/T_Rock_Smooth_Granite_D.uasset" 518
"D:/UnrealEngine/PurdueRPGTemplate/Content/StarterContent/Textures/T_Gradinet_01.uasset" 519
"D:/UnrealEngine/PurdueRPGTemplate/Content/StarterContent/Materials/M_CobbleStone_Smooth.uasset" 520
"D:/UnrealEngine/PurdueRPGTemplate/Content/StarterContent/Textures/T_CobbleStone_Rough_N.uasset" 521
"D:/UnrealEngine/PurdueRPGTemplate/Content/StarterContent/Textures/T_CobbleStone_Rough_D.uasset" 522
"D:/UnrealEngine/PurdueRPGTemplate/Content/StarterContent/Materials/M_CobbleStone_Rough.uasset" 523
"D:/UnrealEngine/PurdueRPGTemplate/Content/StarterContent/Textures/T_CobbleStone_Pebble_N.uasset" 524
"D:/UnrealEngine/PurdueRPGTemplate/Content/StarterContent/Textures/T_CobbleStone_Pebble_M.uasset" 525
"D:/UnrealEngine/PurdueRPGTemplate/Content/StarterContent/Textures/T_CobbleStone_Pebble_D.uasset" 526
"D:/UnrealEngine/PurdueRPGTemplate/Content/StarterContent/Materials/M_CobbleStone_Pebble.uasset" 527
"D:/UnrealEngine/PurdueRPGTemplate/Content/StarterContent/Textures/T_Ceramic_Tile_N.uasset" 528
"D:/UnrealEngine/PurdueRPGTemplate/Content/StarterContent/Textures/T_Ceramic_Tile_M.uasset" 529
"D:/UnrealEngine/PurdueRPGTemplate/Content/StarterContent/Materials/M_Ceramic_Tile_Checker.uasset" 530
"D:/UnrealEngine/PurdueRPGTemplate/Content/StarterContent/Textures/T_Brick_Hewn_Stone_N.uasset" 531
"D:/UnrealEngine/PurdueRPGTemplate/Content/StarterContent/Textures/T_Brick_Hewn_Stone_M.uasset" 532
"D:/UnrealEngine/PurdueRPGTemplate/Content/StarterContent/Textures/T_Brick_Hewn_Stone_D.uasset" 533
"D:/UnrealEngine/PurdueRPGTemplate/Content/StarterContent/Materials/M_Brick_Hewn_Stone.uasset" 534
"D:/UnrealEngine/PurdueRPGTemplate/Content/StarterContent/Textures/T_Brick_Cut_Stone_N.uasset" 535
"D:/UnrealEngine/PurdueRPGTemplate/Content/StarterContent/Textures/T_Brick_Cut_Stone_D.uasset" 536
"D:/UnrealEngine/PurdueRPGTemplate/Content/StarterContent/Materials/M_Brick_Cut_Stone.uasset" 537
"D:/UnrealEngine/PurdueRPGTemplate/Content/StarterContent/Textures/T_Brick_Clay_Old_N.uasset" 538
"D:/UnrealEngine/PurdueRPGTemplate/Content/StarterContent/Textures/T_Brick_Clay_Old_D.uasset" 539
"D:/UnrealEngine/PurdueRPGTemplate/Content/StarterContent/Materials/M_Brick_Clay_Old.uasset" 540
"D:/UnrealEngine/PurdueRPGTemplate/Content/StarterContent/Textures/T_Brick_Clay_New_N.uasset" 541
"D:/UnrealEngine/PurdueRPGTemplate/Content/StarterContent/Textures/T_Brick_Clay_New_M.uasset" 542
"D:/UnrealEngine/PurdueRPGTemplate/Content/StarterContent/Textures/T_Brick_Clay_New_D.uasset" 543
"D:/UnrealEngine/PurdueRPGTemplate/Content/StarterContent/Materials/M_Brick_Clay_New.uasset" 544
"D:/UnrealEngine/PurdueRPGTemplate/Content/StarterContent/Architecture/Wall_Window_400x300.uasset" 545
"D:/UnrealEngine/PurdueRPGTemplate/Content/StarterContent/Audio/Collapse_Cue.uasset" 546
"D:/UnrealEngine/PurdueRPGTemplate/Content/StarterContent/Architecture/Wall_400x200.uasset" 547
"D:/UnrealEngine/PurdueRPGTemplate/Content/StarterContent/Architecture/Wall_Door_400x300.uasset" 548
"D:/UnrealEngine/PurdueRPGTemplate/Content/StarterContent/Audio/Starter_Music_Cue.uasset" 549
"D:/UnrealEngine/PurdueRPGTemplate/Content/StarterContent/Textures/T_Brick_Clay_Beveled_N.uasset" 550
"D:/UnrealEngine/PurdueRPGTemplate/Content/StarterContent/Textures/T_Brick_Clay_Beveled_M.uasset" 551
"D:/UnrealEngine/PurdueRPGTemplate/Content/StarterContent/Textures/T_Brick_Clay_Beveled_D.uasset" 552
"D:/UnrealEngine/PurdueRPGTemplate/Content/StarterContent/Materials/M_Brick_Clay_Beveled.uasset" 553
"D:/UnrealEngine/PurdueRPGTemplate/Content/StarterContent/Audio/Fire01_Cue.uasset" 554
"D:/UnrealEngine/PurdueRPGTemplate/Content/StarterContent/Particles/Materials/M_Radial_Gradient.uasset" 555
"D:/UnrealEngine/PurdueRPGTemplate/Content/StarterContent/Particles/Materials/M_Heat_Distortion.uasset" 556
"D:/UnrealEngine/PurdueRPGTemplate/Content/StarterContent/Textures/T_Fire_Tiled_D.uasset" 557
"D:/UnrealEngine/PurdueRPGTemplate/Content/StarterContent/Textures/T_Fire_SubUV.uasset" 558
"D:/UnrealEngine/PurdueRPGTemplate/Content/StarterContent/Particles/Materials/M_Fire_SubUV.uasset" 559
"D:/UnrealEngine/PurdueRPGTemplate/Content/StarterContent/Particles/P_Fire.uasset" 560
"D:/UnrealEngine/PurdueRPGTemplate/Content/StarterContent/Blueprints/Blueprint_Effect_Fire.uasset" 561
"D:/UnrealEngine/PurdueRPGTemplate/Content/StarterContent/Audio/Smoke01_Cue.uasset" 562
"D:/UnrealEngine/PurdueRPGTemplate/Content/StarterContent/Particles/P_Smoke.uasset" 563
"D:/UnrealEngine/PurdueRPGTemplate/Content/StarterContent/Blueprints/Blueprint_Effect_Smoke.uasset" 564
"D:/UnrealEngine/PurdueRPGTemplate/Content/StarterContent/Audio/Fire_Sparks01_Cue.uasset" 565
"D:/UnrealEngine/PurdueRPGTemplate/Content/StarterContent/Textures/T_Spark_Core.uasset" 566
"D:/UnrealEngine/PurdueRPGTemplate/Content/StarterContent/Particles/Materials/M_Spark.uasset" 567
"D:/UnrealEngine/PurdueRPGTemplate/Content/StarterContent/Particles/P_Sparks.uasset" 568
"D:/UnrealEngine/PurdueRPGTemplate/Content/StarterContent/Blueprints/Blueprint_Effect_Sparks.uasset" 569
"D:/UnrealEngine/PurdueRPGTemplate/Content/StarterContent/Audio/Steam01_Cue.uasset" 570
"D:/UnrealEngine/PurdueRPGTemplate/Content/StarterContent/Particles/P_Steam_Lit.uasset" 571
"D:/UnrealEngine/PurdueRPGTemplate/Content/StarterContent/Blueprints/Blueprint_Effect_Steam.uasset" 572
"D:/UnrealEngine/PurdueRPGTemplate/Content/StarterContent/Textures/T_Lamp_N.uasset" 573
"D:/UnrealEngine/PurdueRPGTemplate/Content/StarterContent/Textures/T_Lamp_M.uasset" 574
"D:/UnrealEngine/PurdueRPGTemplate/Content/StarterContent/Props/Materials/M_Lamp.uasset" 575
"D:/UnrealEngine/PurdueRPGTemplate/Content/StarterContent/Props/SM_Lamp_Wall.uasset" 576
"D:/UnrealEngine/PurdueRPGTemplate/Content/StarterContent/Blueprints/Blueprint_WallSconce.uasset" 577
"D:/UnrealEngine/PurdueRPGTemplate/Content/StarterContent/Props/SM_Lamp_Ceiling.uasset" 578
"D:/UnrealEngine/PurdueRPGTemplate/Content/StarterContent/Blueprints/Blueprint_CeilingLight.uasset" 579
"../../../Engine/Content/Functions/Engine_MaterialFunctions03/Procedurals/ComputeFilterWidth.uasset" 580
"../../../Engine/Content/EngineMaterials/AntiAliasedTextMaterialTranslucent.uasset" 581
"D:/UnrealEngine/PurdueRPGTemplate/Content/StarterContent/Maps/StarterMap_BuiltData.uasset" 582
"D:/UnrealEngine/PurdueRPGTemplate/Content/StarterContent/Maps/StarterMap.umap" 583
"../../../Engine/Content/Maps/Entry_BuiltData.uasset" 584
"../../../Engine/Content/Maps/Entry.umap" 585
